{
  "stats": {
    "suites": 1,
    "tests": 3,
    "passes": 3,
    "pending": 0,
    "failures": 0,
    "start": "2022-09-28T21:22:28.338Z",
    "end": "2022-09-28T21:22:49.707Z",
    "duration": 21369,
    "testsRegistered": 3,
    "passPercent": 100,
    "pendingPercent": 0,
    "other": 0,
    "hasOther": false,
    "skipped": 0,
    "hasSkipped": false
  },
  "results": [
    {
      "uuid": "94370419-3fe1-45c1-b316-99276a42004a",
      "title": "",
      "fullFile": "cypress/e2e/specs/storage.cy.js",
      "file": "cypress/e2e/specs/storage.cy.js",
      "beforeHooks": [],
      "afterHooks": [],
      "tests": [],
      "suites": [
        {
          "uuid": "11ea2609-9fe2-4a0f-bf6c-69c4eae086fd",
          "title": "Test Storage",
          "fullFile": "",
          "file": "",
          "beforeHooks": [],
          "afterHooks": [],
          "tests": [
            {
              "title": "Successfully join the waitlist by sending form with valid values",
              "fullTitle": "Test Storage Successfully join the waitlist by sending form with valid values",
              "timedOut": null,
              "duration": 7971,
              "state": "passed",
              "speed": "medium",
              "pass": true,
              "fail": false,
              "pending": false,
              "context": null,
              "code": "storagePage.goToJoinForm();\nstoragePage.fillAndSubmitJoinForm(user);\nstoragePage.assertSuccessSentJoinForm();",
              "err": {},
              "uuid": "68c4a7ff-0af9-415f-9239-6dddfb126c2d",
              "parentUUID": "11ea2609-9fe2-4a0f-bf6c-69c4eae086fd",
              "isHook": false,
              "skipped": false
            },
            {
              "title": "Cannot submit Join the waitlist form with empty required fields",
              "fullTitle": "Test Storage Cannot submit Join the waitlist form with empty required fields",
              "timedOut": null,
              "duration": 10000,
              "state": "passed",
              "speed": "medium",
              "pass": true,
              "fail": false,
              "pending": false,
              "context": null,
              "code": "storagePage.goToJoinForm();\nbasePage.fillFirstNameInput(user.firstName);\nbasePage.fillLastNameInput(user.lastName);\nbasePage.submitForm();\nbasePage.assertErrorMessage(\"email\", \"Must be valid email. example@yourdomain.com\");\ncy.reload(true);\nbasePage.fillFirstNameInput(user.firstName);\nbasePage.fillEmailInput(user.email);\nbasePage.submitForm();\nbasePage.assertErrorMessage(\"lastName\", \"This field is required.\");\ncy.reload(true);\nbasePage.fillLastNameInput(user.lastName);\nbasePage.fillEmailInput(user.email);\nbasePage.submitForm();\nbasePage.assertErrorMessage(\"firstName\", \"This field is required.\");",
              "err": {},
              "uuid": "f93bc0c5-f3fb-4372-b567-91c76ab7a62b",
              "parentUUID": "11ea2609-9fe2-4a0f-bf6c-69c4eae086fd",
              "isHook": false,
              "skipped": false
            },
            {
              "title": "Only one accordion at a time can be opened and displayed its content",
              "fullTitle": "Test Storage Only one accordion at a time can be opened and displayed its content",
              "timedOut": null,
              "duration": 3209,
              "state": "passed",
              "speed": "fast",
              "pass": true,
              "fail": false,
              "pending": false,
              "context": null,
              "code": "storagePage.scrollToFAQ();\nstoragePage.assertAccordionIsOpened(accNumber);\nstoragePage.toggleAccordion(accNumber);\nstoragePage.assertAccordionsAreClosedExcept();\naccNumber = 2;\nstoragePage.toggleAccordion(accNumber);\nstoragePage.assertAccordionIsOpened(accNumber);\nstoragePage.assertAccordionsAreClosedExcept(accNumber);\naccNumber = 3;\nstoragePage.toggleAccordion(accNumber);\nstoragePage.assertAccordionIsOpened(accNumber);\nstoragePage.assertAccordionsAreClosedExcept(accNumber);",
              "err": {},
              "uuid": "1f5fcd29-49a5-449e-884e-dc99346a36bd",
              "parentUUID": "11ea2609-9fe2-4a0f-bf6c-69c4eae086fd",
              "isHook": false,
              "skipped": false
            }
          ],
          "suites": [],
          "passes": [
            "68c4a7ff-0af9-415f-9239-6dddfb126c2d",
            "f93bc0c5-f3fb-4372-b567-91c76ab7a62b",
            "1f5fcd29-49a5-449e-884e-dc99346a36bd"
          ],
          "failures": [],
          "pending": [],
          "skipped": [],
          "duration": 21180,
          "root": false,
          "rootEmpty": false,
          "_timeout": 2000
        }
      ],
      "passes": [],
      "failures": [],
      "pending": [],
      "skipped": [],
      "duration": 0,
      "root": true,
      "rootEmpty": true,
      "_timeout": 2000
    }
  ],
  "meta": {
    "mocha": {
      "version": "7.0.1"
    },
    "mochawesome": {
      "options": {
        "quiet": false,
        "reportFilename": "mochawesome",
        "saveHtml": false,
        "saveJson": true,
        "consoleReporter": "spec",
        "useInlineDiffs": false,
        "code": true
      },
      "version": "7.1.3"
    },
    "marge": {
      "options": {
        "reportDir": "cypress/report",
        "overwrite": false,
        "html": false,
        "json": true
      },
      "version": "6.2.0"
    }
  }
}