{
  "stats": {
    "suites": 1,
    "tests": 3,
    "passes": 3,
    "pending": 0,
    "failures": 0,
    "start": "2022-09-28T20:54:00.513Z",
    "end": "2022-09-28T20:54:19.427Z",
    "duration": 18914,
    "testsRegistered": 3,
    "passPercent": 100,
    "pendingPercent": 0,
    "other": 0,
    "hasOther": false,
    "skipped": 0,
    "hasSkipped": false
  },
  "results": [
    {
      "uuid": "d4e23f53-63fa-4186-8a0d-904d97b01917",
      "title": "",
      "fullFile": "cypress/e2e/specs/storage.cy.js",
      "file": "cypress/e2e/specs/storage.cy.js",
      "beforeHooks": [],
      "afterHooks": [],
      "tests": [],
      "suites": [
        {
          "uuid": "8da32192-367c-4409-b4db-42f0599e8697",
          "title": "Test Storage",
          "fullFile": "",
          "file": "",
          "beforeHooks": [],
          "afterHooks": [],
          "tests": [
            {
              "title": "Successfully join the waitlist by sending form with valid values",
              "fullTitle": "Test Storage Successfully join the waitlist by sending form with valid values",
              "timedOut": null,
              "duration": 7142,
              "state": "passed",
              "speed": "medium",
              "pass": true,
              "fail": false,
              "pending": false,
              "context": null,
              "code": "storagePage.goToJoinForm();\nstoragePage.fillAndSubmitJoinForm(user);\nstoragePage.assertSuccessSentJoinForm();",
              "err": {},
              "uuid": "c4b90c4b-83dc-4aff-a9cb-b2ce4e6b1b63",
              "parentUUID": "8da32192-367c-4409-b4db-42f0599e8697",
              "isHook": false,
              "skipped": false
            },
            {
              "title": "Cannot submit Join the waitlist form with empty required fields",
              "fullTitle": "Test Storage Cannot submit Join the waitlist form with empty required fields",
              "timedOut": null,
              "duration": 8610,
              "state": "passed",
              "speed": "medium",
              "pass": true,
              "fail": false,
              "pending": false,
              "context": null,
              "code": "storagePage.goToJoinForm();\nbasePage.fillFirstNameInput(user.firstName);\nbasePage.fillLastNameInput(user.lastName);\nbasePage.submitForm();\nbasePage.assertErrorMessage(\"email\", \"Must be valid email. example@yourdomain.com\");\ncy.reload(true);\nbasePage.fillFirstNameInput(user.firstName);\nbasePage.fillEmailInput(user.email);\nbasePage.submitForm();\nbasePage.assertErrorMessage(\"lastName\", \"This field is required.\");\ncy.reload(true);\nbasePage.fillLastNameInput(user.lastName);\nbasePage.fillEmailInput(user.email);\nbasePage.submitForm();\nbasePage.assertErrorMessage(\"firstName\", \"This field is required.\");",
              "err": {},
              "uuid": "0c51e53c-e595-4696-abc2-c09c5d7f17d7",
              "parentUUID": "8da32192-367c-4409-b4db-42f0599e8697",
              "isHook": false,
              "skipped": false
            },
            {
              "title": "Only one accordion at a time can be opened and displayed its content",
              "fullTitle": "Test Storage Only one accordion at a time can be opened and displayed its content",
              "timedOut": null,
              "duration": 2994,
              "state": "passed",
              "speed": "fast",
              "pass": true,
              "fail": false,
              "pending": false,
              "context": null,
              "code": "storagePage.scrollToFAQ();\nstoragePage.assertAccordionIsOpened(accNumber);\nstoragePage.toggleAccordion(accNumber);\nstoragePage.assertAccordionsAreClosedExcept();\naccNumber = 2;\nstoragePage.toggleAccordion(accNumber);\nstoragePage.assertAccordionIsOpened(accNumber);\nstoragePage.assertAccordionsAreClosedExcept(accNumber);\naccNumber = 3;\nstoragePage.toggleAccordion(accNumber);\nstoragePage.assertAccordionIsOpened(accNumber);\nstoragePage.assertAccordionsAreClosedExcept(accNumber);",
              "err": {},
              "uuid": "e751a283-a88f-4055-8c54-b5f2573e6506",
              "parentUUID": "8da32192-367c-4409-b4db-42f0599e8697",
              "isHook": false,
              "skipped": false
            }
          ],
          "suites": [],
          "passes": [
            "c4b90c4b-83dc-4aff-a9cb-b2ce4e6b1b63",
            "0c51e53c-e595-4696-abc2-c09c5d7f17d7",
            "e751a283-a88f-4055-8c54-b5f2573e6506"
          ],
          "failures": [],
          "pending": [],
          "skipped": [],
          "duration": 18746,
          "root": false,
          "rootEmpty": false,
          "_timeout": 2000
        }
      ],
      "passes": [],
      "failures": [],
      "pending": [],
      "skipped": [],
      "duration": 0,
      "root": true,
      "rootEmpty": true,
      "_timeout": 2000
    }
  ],
  "meta": {
    "mocha": {
      "version": "7.0.1"
    },
    "mochawesome": {
      "options": {
        "quiet": false,
        "reportFilename": "mochawesome",
        "saveHtml": false,
        "saveJson": true,
        "consoleReporter": "spec",
        "useInlineDiffs": false,
        "code": true
      },
      "version": "7.1.3"
    },
    "marge": {
      "options": {
        "reportDir": "cypress/report",
        "overwrite": false,
        "html": false,
        "json": true
      },
      "version": "6.2.0"
    }
  }
}