{
  "stats": {
    "suites": 1,
    "tests": 3,
    "passes": 3,
    "pending": 0,
    "failures": 0,
    "start": "2022-09-28T21:21:01.775Z",
    "end": "2022-09-28T21:21:44.073Z",
    "duration": 42298,
    "testsRegistered": 3,
    "passPercent": 100,
    "pendingPercent": 0,
    "other": 0,
    "hasOther": false,
    "skipped": 0,
    "hasSkipped": false
  },
  "results": [
    {
      "uuid": "728b3d54-2599-41f8-bde0-c9200e6e3e5f",
      "title": "",
      "fullFile": "cypress/e2e/specs/contact.cy.js",
      "file": "cypress/e2e/specs/contact.cy.js",
      "beforeHooks": [],
      "afterHooks": [],
      "tests": [],
      "suites": [
        {
          "uuid": "531b8ed0-3326-4734-80f3-b93db2bcbade",
          "title": "Test Contact",
          "fullFile": "",
          "file": "",
          "beforeHooks": [],
          "afterHooks": [],
          "tests": [
            {
              "title": "Successfully sending Talk to an expert form with valid values",
              "fullTitle": "Test Contact Successfully sending Talk to an expert form with valid values",
              "timedOut": null,
              "duration": 13786,
              "state": "passed",
              "speed": "slow",
              "pass": true,
              "fail": false,
              "pending": false,
              "context": null,
              "code": "contactPage.fillAndSubmitTalkExpertForm(user);\ncontactPage.assertSuccessSentTalkExpertForm(user.email);",
              "err": {},
              "uuid": "a62830a0-34de-48e4-8efa-4dfca548c642",
              "parentUUID": "531b8ed0-3326-4734-80f3-b93db2bcbade",
              "isHook": false,
              "skipped": false
            },
            {
              "title": "Cannot submit Talk to an expert form with empty required fields",
              "fullTitle": "Test Contact Cannot submit Talk to an expert form with empty required fields",
              "timedOut": null,
              "duration": 25057,
              "state": "passed",
              "speed": "slow",
              "pass": true,
              "fail": false,
              "pending": false,
              "context": null,
              "code": "contactPage.chooseReasonSelect(\"Sales-Inquiry\");\nbasePage.fillFirstNameInput(user.firstName);\nbasePage.fillLastNameInput(user.lastName);\nbasePage.fillEmailInput(user.email);\nbasePage.fillWebsiteInput(user.website);\nbasePage.submitForm();\nbasePage.assertErrorMessage(\"primaryInterest\", \"This field is required.\");\ncy.reload(true);\ncontactPage.chooseReasonSelect(\"Support\");\nbasePage.fillFirstNameInput(user.firstName);\nbasePage.fillLastNameInput(user.lastName);\nbasePage.fillEmailInput(user.email);\nbasePage.submitForm();\nbasePage.assertErrorMessage(\"website\", \"Must be a url. http://www.example.com/\");\ncy.reload(true);\ncontactPage.chooseReasonSelect(\"Support\");\nbasePage.fillFirstNameInput(user.firstName);\nbasePage.fillLastNameInput(user.lastName);\nbasePage.fillWebsiteInput(user.website);\nbasePage.submitForm();\nbasePage.assertErrorMessage(\"email\", \"Must be valid email. example@yourdomain.com\");\ncy.reload(true);\ncontactPage.chooseReasonSelect(\"Support\");\nbasePage.fillFirstNameInput(user.firstName);\nbasePage.fillEmailInput(user.email);\nbasePage.fillWebsiteInput(user.website);\nbasePage.submitForm();\nbasePage.assertErrorMessage(\"lastName\", \"This field is required.\");\ncy.reload(true);\ncontactPage.chooseReasonSelect(\"Support\");\nbasePage.fillLastNameInput(user.lastName);\nbasePage.fillEmailInput(user.email);\nbasePage.fillWebsiteInput(user.website);\nbasePage.submitForm();\nbasePage.assertErrorMessage(\"firstName\", \"This field is required.\");\ncy.reload(true);\nbasePage.fillFirstNameInput(user.firstName);\nbasePage.fillLastNameInput(user.lastName);\nbasePage.fillEmailInput(user.email);\nbasePage.fillWebsiteInput(user.website);\nbasePage.submitForm();\nbasePage.assertErrorMessage(\"reasonContact\", \"This field is required.\");",
              "err": {},
              "uuid": "784ad138-b43f-467c-98a1-bbbf945fa164",
              "parentUUID": "531b8ed0-3326-4734-80f3-b93db2bcbade",
              "isHook": false,
              "skipped": false
            },
            {
              "title": "All phonenumbers in Calling from overseas section are links as tel",
              "fullTitle": "Test Contact All phonenumbers in Calling from overseas section are links as tel",
              "timedOut": null,
              "duration": 3110,
              "state": "passed",
              "speed": "fast",
              "pass": true,
              "fail": false,
              "pending": false,
              "context": null,
              "code": "contactPage.assertLinkTextNumberEqualToHrefTel();\ncontactPage.assertPhonenumbersAreLinksAsTel();",
              "err": {},
              "uuid": "9dde7fee-d06f-437f-8ebb-aedadd15e48b",
              "parentUUID": "531b8ed0-3326-4734-80f3-b93db2bcbade",
              "isHook": false,
              "skipped": false
            }
          ],
          "suites": [],
          "passes": [
            "a62830a0-34de-48e4-8efa-4dfca548c642",
            "784ad138-b43f-467c-98a1-bbbf945fa164",
            "9dde7fee-d06f-437f-8ebb-aedadd15e48b"
          ],
          "failures": [],
          "pending": [],
          "skipped": [],
          "duration": 41953,
          "root": false,
          "rootEmpty": false,
          "_timeout": 2000
        }
      ],
      "passes": [],
      "failures": [],
      "pending": [],
      "skipped": [],
      "duration": 0,
      "root": true,
      "rootEmpty": true,
      "_timeout": 2000
    }
  ],
  "meta": {
    "mocha": {
      "version": "7.0.1"
    },
    "mochawesome": {
      "options": {
        "quiet": false,
        "reportFilename": "mochawesome",
        "saveHtml": false,
        "saveJson": true,
        "consoleReporter": "spec",
        "useInlineDiffs": false,
        "code": true
      },
      "version": "7.1.3"
    },
    "marge": {
      "options": {
        "reportDir": "cypress/report",
        "overwrite": false,
        "html": false,
        "json": true
      },
      "version": "6.2.0"
    }
  }
}