{
  "stats": {
    "suites": 1,
    "tests": 1,
    "passes": 1,
    "pending": 0,
    "failures": 0,
    "start": "2022-09-28T20:53:46.509Z",
    "end": "2022-09-28T20:53:58.825Z",
    "duration": 12316,
    "testsRegistered": 1,
    "passPercent": 100,
    "pendingPercent": 0,
    "other": 0,
    "hasOther": false,
    "skipped": 0,
    "hasSkipped": false
  },
  "results": [
    {
      "uuid": "3053ba85-4eb1-429b-b635-0891d9534e2b",
      "title": "",
      "fullFile": "cypress/e2e/specs/resources.cy.js",
      "file": "cypress/e2e/specs/resources.cy.js",
      "beforeHooks": [],
      "afterHooks": [],
      "tests": [],
      "suites": [
        {
          "uuid": "5b6d61a6-a1b6-44c9-a426-b566d862f8ea",
          "title": "Test Resources",
          "fullFile": "",
          "file": "",
          "beforeHooks": [],
          "afterHooks": [],
          "tests": [
            {
              "title": "Filter by content in blog should display only articles in selected category",
              "fullTitle": "Test Resources Filter by content in blog should display only articles in selected category",
              "timedOut": null,
              "duration": 11926,
              "state": "passed",
              "speed": "slow",
              "pass": true,
              "fail": false,
              "pending": false,
              "context": null,
              "code": "resourcesPage.assertFiltersByContentIsNotChosenExcept();\nresourcesPage.toggleFilterByContent(filterNumber);\nresourcesPage.assertURLContainsChosenFilterName(filterNumber);\nresourcesPage.assertFilterByContentIsChosen(filterNumber);\nresourcesPage.assertFiltersByContentIsNotChosenExcept(filterNumber);\nresourcesPage.assertArticlesCategoryOnlyFiltered(filterNumber);\nfilterNumber = 2;\nresourcesPage.toggleFilterByContent(filterNumber);\nresourcesPage.assertURLContainsChosenFilterName(filterNumber);\nresourcesPage.assertFilterByContentIsChosen(filterNumber);\nresourcesPage.assertFiltersByContentIsNotChosenExcept(filterNumber);\nresourcesPage.assertArticlesCategoryOnlyFiltered(filterNumber);\nresourcesPage.toggleFilterByContent(filterNumber);\nresourcesPage.assertFiltersByContentIsNotChosenExcept();\ncy.url().should(\"eq\", \"https://telnyx.com/resources\");",
              "err": {},
              "uuid": "4e643eb5-168c-408c-bf01-1803ad8bb3ac",
              "parentUUID": "5b6d61a6-a1b6-44c9-a426-b566d862f8ea",
              "isHook": false,
              "skipped": false
            }
          ],
          "suites": [],
          "passes": [
            "4e643eb5-168c-408c-bf01-1803ad8bb3ac"
          ],
          "failures": [],
          "pending": [],
          "skipped": [],
          "duration": 11926,
          "root": false,
          "rootEmpty": false,
          "_timeout": 2000
        }
      ],
      "passes": [],
      "failures": [],
      "pending": [],
      "skipped": [],
      "duration": 0,
      "root": true,
      "rootEmpty": true,
      "_timeout": 2000
    }
  ],
  "meta": {
    "mocha": {
      "version": "7.0.1"
    },
    "mochawesome": {
      "options": {
        "quiet": false,
        "reportFilename": "mochawesome",
        "saveHtml": false,
        "saveJson": true,
        "consoleReporter": "spec",
        "useInlineDiffs": false,
        "code": true
      },
      "version": "7.1.3"
    },
    "marge": {
      "options": {
        "reportDir": "cypress/report",
        "overwrite": false,
        "html": false,
        "json": true
      },
      "version": "6.2.0"
    }
  }
}