{
  "stats": {
    "suites": 1,
    "tests": 3,
    "passes": 3,
    "pending": 0,
    "failures": 0,
    "start": "2022-09-28T21:21:46.031Z",
    "end": "2022-09-28T21:22:11.174Z",
    "duration": 25143,
    "testsRegistered": 3,
    "passPercent": 100,
    "pendingPercent": 0,
    "other": 0,
    "hasOther": false,
    "skipped": 0,
    "hasSkipped": false
  },
  "results": [
    {
      "uuid": "abc9ca6a-cb32-47b9-a76f-0a0600f37614",
      "title": "",
      "fullFile": "cypress/e2e/specs/login.cy.js",
      "file": "cypress/e2e/specs/login.cy.js",
      "beforeHooks": [],
      "afterHooks": [],
      "tests": [],
      "suites": [
        {
          "uuid": "ff89d64d-14c7-4d71-a51c-837962d47ff8",
          "title": "Test LogIn",
          "fullFile": "",
          "file": "",
          "beforeHooks": [],
          "afterHooks": [],
          "tests": [
            {
              "title": "Cannot login with unregistered credentials",
              "fullTitle": "Test LogIn Cannot login with unregistered credentials",
              "timedOut": null,
              "duration": 12647,
              "state": "passed",
              "speed": "slow",
              "pass": true,
              "fail": false,
              "pending": false,
              "context": null,
              "code": "loginPage.fillAndSubmitLogInForm(user);\nloginPage.assertIsNotLoggedIn();\nloginPage.assertSameUrl(\"https://portal.telnyx.com/#/login/sign-in\");",
              "err": {},
              "uuid": "bcd29f8e-3c18-4ab6-acfc-c16438ad23cc",
              "parentUUID": "ff89d64d-14c7-4d71-a51c-837962d47ff8",
              "isHook": false,
              "skipped": false
            },
            {
              "title": "Cannot send Single Sign-On form with unregistered credentials",
              "fullTitle": "Test LogIn Cannot send Single Sign-On form with unregistered credentials",
              "timedOut": null,
              "duration": 6266,
              "state": "passed",
              "speed": "medium",
              "pass": true,
              "fail": false,
              "pending": false,
              "context": null,
              "code": "loginPage.fillAndSubmitSSOForm(user);\nloginPage.assertSSOFormIsNotSent();\nloginPage.assertSameUrl(\"https://portal.telnyx.com/#/login/sign-in\");",
              "err": {},
              "uuid": "a815484b-794e-4a82-9769-bcb9be600773",
              "parentUUID": "ff89d64d-14c7-4d71-a51c-837962d47ff8",
              "isHook": false,
              "skipped": false
            },
            {
              "title": "Successfully send Verification Email form",
              "fullTitle": "Test LogIn Successfully send Verification Email form",
              "timedOut": null,
              "duration": 6010,
              "state": "passed",
              "speed": "medium",
              "pass": true,
              "fail": false,
              "pending": false,
              "context": null,
              "code": "loginPage.fillAndSubmitVerificationEmailForm(user);\nloginPage.assertSuccessSentVerificationEmailForm();\nloginPage.assertSameUrl(\"https://portal.telnyx.com/#/login/resend-email\");",
              "err": {},
              "uuid": "4038711a-9ec3-41cb-ab63-e83ec80c41b8",
              "parentUUID": "ff89d64d-14c7-4d71-a51c-837962d47ff8",
              "isHook": false,
              "skipped": false
            }
          ],
          "suites": [],
          "passes": [
            "bcd29f8e-3c18-4ab6-acfc-c16438ad23cc",
            "a815484b-794e-4a82-9769-bcb9be600773",
            "4038711a-9ec3-41cb-ab63-e83ec80c41b8"
          ],
          "failures": [],
          "pending": [],
          "skipped": [],
          "duration": 24923,
          "root": false,
          "rootEmpty": false,
          "_timeout": 2000
        }
      ],
      "passes": [],
      "failures": [],
      "pending": [],
      "skipped": [],
      "duration": 0,
      "root": true,
      "rootEmpty": true,
      "_timeout": 2000
    }
  ],
  "meta": {
    "mocha": {
      "version": "7.0.1"
    },
    "mochawesome": {
      "options": {
        "quiet": false,
        "reportFilename": "mochawesome",
        "saveHtml": false,
        "saveJson": true,
        "consoleReporter": "spec",
        "useInlineDiffs": false,
        "code": true
      },
      "version": "7.1.3"
    },
    "marge": {
      "options": {
        "reportDir": "cypress/report",
        "overwrite": false,
        "html": false,
        "json": true
      },
      "version": "6.2.0"
    }
  }
}